Downloading 93 missing _nuxt assets...
  _nuxt: 93/93 ok
  worker: ok
Downloading 819 hero animation frames...
  frames: 50/819 (failed 0)
  frames: 100/819 (failed 0)
  frames: 150/819 (failed 0)
  frames: 200/819 (failed 0)
  frames: 250/819 (failed 0)
  frames: 300/819 (failed 0)
  frames: 350/819 (failed 0)
  frames: 400/819 (failed 0)
  frames: 450/819 (failed 0)
  frames: 500/819 (failed 0)
  frames: 550/819 (failed 0)
  frames: 600/819 (failed 0)
  frames: 650/819 (failed 0)
  frames: 700/819 (failed 0)
  frames: 750/819 (failed 0)
  frames: 800/819 (failed 0)
  frames: 819/819 (failed 0)
Patched 0 HTML files
Done.
