╭──────────────────────────────────────────────────────────────────────────────╮
│                                                                              │
│     ╦ ╦╔═╗╔╗ ╔╦╗╦╦═╗╦═╗╔═╗╦═╗                                                │
│     ║║║║╣ ╠╩╗║║║║╠╦╝╠╦╝║ ║╠╦╝                                                │
│     ╚╩╝╚═╝╚═╝╩ ╩╩╩╚═╩╚═╚═╝╩╚═                                                │
│                                                                              │
╰─────────────────────────────────── v1.0.0 ───────────────────────────────────╯
                                🔧 Configuration                                
┌───────────────────┬──────────────────────────────────────────────────────────┐
│ Start URL         │ https://terminal-industries.com/                         │
│ Output Directory  │ /Users/kssaiteja/Downloads/skills-mcps/terminal-industr… │
│ Recursive         │ ✗                                                        │
│ Max Depth         │ 1                                                        │
│ Max Pages         │ 1                                                        │
│ Workers           │ 1                                                        │
│ Delay (ms)        │ 2000                                                     │
│ Include Assets    │ ✓                                                        │
│ Same Domain Only  │ ✓                                                        │
│ Private Networks  │ Blocked                                                  │
│ Max Asset Size    │ 52,428,800 bytes                                         │
│ Cookie File       │ None                                                     │
│ Render JavaScript │ ✓                                                        │
└───────────────────┴──────────────────────────────────────────────────────────┘

🚀 Starting crawl operation...

DEBUG    Using selector: KqueueSelector                    selector_events.py:64
INFO     Starting crawl of https://terminal-industries.com/       crawler.py:239
INFO     Config: recursive=False, max_depth=1, workers=1          crawler.py:240
INFO     ====== WebDriver manager ======                            logger.py:11
INFO     Get LATEST chromedriver version for google-chrome          logger.py:11
INFO     There is no [mac-arm64] chromedriver "150.0.7871.46" for   logger.py:11
         browser google-chrome "150.0.7871" in cache                            
INFO     There is no [mac-arm64] chromedriver "150.0.7871.46" for   logger.py:11
         browser google-chrome "150.0.7871" in cache                            
INFO     Get LATEST chromedriver version for google-chrome          logger.py:11
INFO     WebDriver version 150.0.7871.46 selected                   logger.py:11
INFO     Modern chrome version                                      logger.py:11
         https://storage.googleapis.com/chrome-for-testing-public/1             
         50.0.7871.46/mac-arm64/chromedriver-mac-arm64.zip                      
INFO     About to download new driver from                          logger.py:11
         https://storage.googleapis.com/chrome-for-testing-public/1             
         50.0.7871.46/mac-arm64/chromedriver-mac-arm64.zip                      
INFO     Driver downloading response is 200                         logger.py:11
INFO     Driver has been saved in cache                             logger.py:11
         [/Users/kssaiteja/.wdm/drivers/chromedriver/mac-arm64/150.             
         0.7871.46]                                                             
INFO     Chrome WebDriver started with stealth mode      selenium_service.py:196
         enabled                                                                
DEBUG    GCM/FCM cloud services disabled to prevent      selenium_service.py:197
         authentication errors                                                  
INFO     Chrome WebDriver stopped                        selenium_service.py:205
DEBUG    Skipping external asset:                               downloader.py:65
         https://a.storyblok.com/f/337048/1366x768/3b2ae6c538/r                 
         ac-b-w-website.svg                                                     
DEBUG    Skipping external asset:                               downloader.py:65
         https://a.storyblok.com/f/337048/1366x768/802a86b588/m                 
         arc-jacobs2.svg                                                        
DEBUG    Skipping external asset:                               downloader.py:65
         https://a.storyblok.com/f/337048/225x225/fc77667383/ka                 
         sper-logo.png                                                          
DEBUG    Skipping external asset:                               downloader.py:65
         https://a.storyblok.com/f/337048/176x49/27affef2ea/ryd                 
         er-green.svg                                                           
DEBUG    Skipping external asset:                               downloader.py:65
         https://a.storyblok.com/f/337048/114x45/04e08dca33/8vc                 
         .svg                                                                   
DEBUG    Skipping external asset:                               downloader.py:65
         https://a.storyblok.com/f/337048/x/5d1992bef6/vid_3-2_                 
         prerender_1.mp4                                                        
DEBUG    Skipping external asset:                               downloader.py:65
         https://a.storyblok.com/f/337048/5112x3410/74c4e40128/                 
         quote-image.jpg/m/1970x0/filters:format(jpeg):quality(                 
         85)                                                                    
DEBUG    Skipping external asset:                               downloader.py:65
         https://a.storyblok.com/f/337048/160x120/90aa0c203e/go                 
         odyear2.svg                                                            
DEBUG    Skipping external asset:                               downloader.py:65
         https://a.storyblok.com/f/337048/x/6aa67249be/vid_4-3_                 
         vert_v02_1.mp4                                                         
DEBUG    Skipping external asset:                               downloader.py:65
         https://a.storyblok.com/f/337048/x/cbcaf12722/hp-where                 
         -4.mp4                                                                 
DEBUG    Skipping external asset:                               downloader.py:65
         https://a.storyblok.com/f/337048/x/cd4b14d97d/vid_4-2_                 
         vert_prerender_1.mp4                                                   
DEBUG    Skipping external asset:                               downloader.py:65
         https://a.storyblok.com/f/337048/x/daeedd63c8/vid_3-5_                 
         prerender_1.mp4                                                        
DEBUG    Skipping external asset:                               downloader.py:65
         https://a.storyblok.com/f/337048/1366x768/f672774b7b/u                 
         ntitled-design-2.svg                                                   
DEBUG    Skipping external asset:                               downloader.py:65
         https://a.storyblok.com/f/337048/161x62/44ea74f049/nfi                 
         .svg                                                                   
DEBUG    Skipping external asset:                               downloader.py:65
         https://a.storyblok.com/f/337048/200x100/3cd9d313bd/ni                 
         ne-west-b-w-200-x-100-px-1.svg                                         
DEBUG    Skipping external asset:                               downloader.py:65
         https://a.storyblok.com/f/337048/x/cca5bc6b32/vid_4-1_                 
         vert_prerender_1.mp4                                                   
DEBUG    Skipping external asset:                               downloader.py:65
         https://a.storyblok.com/f/337048/160x80/22de92909e/oce                 
         an-spray-2.svg                                                         
DEBUG    Skipping external asset:                               downloader.py:65
         https://a.storyblok.com/f/337048/249x47/15a7349d4e/pro                 
         logis.svg                                                              
DEBUG    Skipping external asset:                               downloader.py:65
         https://a.storyblok.com/f/337048/1280x319/621d5efa86/t                 
         jx-b-w.svg                                                             
DEBUG    Skipping external asset:                               downloader.py:65
         https://a.storyblok.com/f/337048/x/5c039660e1/vid_3-3_                 
         prerender_1.mp4                                                        
DEBUG    Skipping external asset:                               downloader.py:65
         https://a.storyblok.com/f/337048/3840x1181/df7256d5e0/                 
         kirkland-b-w.svg                                                       
DEBUG    Skipping external asset:                               downloader.py:65
         https://app.salespeak.ai/widget.js                                     
DEBUG    Skipping external asset:                               downloader.py:65
         https://assets.apollo.io/micro/website-tracker/tracker                 
         .iife.js?nocache='exmj2r                                               
DEBUG    Skipping external asset:                               downloader.py:65
         https://a.storyblok.com/f/337048/1280x142/4da4eb329e/f                 
         oxconn-b-w.svg                                                         
DEBUG    Skipping external asset:                               downloader.py:65
         https://t.contentsquare.net/uxa/dc87b898eec11.js                       
DEBUG    Skipping external asset:                               downloader.py:65
         https://a.storyblok.com/f/337048/170x44/9386c9fae8/lin                 
         eage.svg                                                               
DEBUG    Skipping external asset:                               downloader.py:65
         https://www.googletagmanager.com/gtm.js?id=GTM-KWFT3XR                 
         Z                                                                      
DEBUG    Skipping external asset:                               downloader.py:65
         https://a.storyblok.com/f/337048/1130x140/8e14227e2e/l                 
         ogo-stripe.png                                                         
DEBUG    Skipping external asset:                               downloader.py:65
         https://a.storyblok.com/f/337048/x/0f153ebd58/vid_4-3_                 
         wide_v02_1.mp4                                                         
DEBUG    Skipping external asset:                               downloader.py:65
         https://a.storyblok.com/f/337048/1280x302/92b80c4809/p                 
         ods-b-w-1.svg                                                          
DEBUG    Skipping external asset:                               downloader.py:65
         https://a.storyblok.com/f/337048/2500x702/f030eafaea/c                 
         ulligan-water.svg                                                      
DEBUG    Skipping external asset:                               downloader.py:65
         https://a.storyblok.com/f/337048/900x500/fe6a1384ae/vi                 
         nce-logo-vector.png                                                    
DEBUG    Skipping external asset:                               downloader.py:65
         https://a.storyblok.com/f/337048/869x147/26858fd378/db                 
         -schenker-2.svg                                                        
DEBUG    Skipping external asset:                               downloader.py:65
         https://a.storyblok.com/f/337048/x/f0f51ea10f/vid_3-1_                 
         prerender_1.mp4                                                        
DEBUG    Skipping external asset:                               downloader.py:65
         https://a.storyblok.com/f/337048/1280x395/5d869ff961/d                 
         sv-b-w.svg                                                             
DEBUG    Skipping external asset:                               downloader.py:65
         https://a.storyblok.com/f/337048/x/408e8d26ba/vid_5-4_                 
         prerender_1.mp4                                                        
DEBUG    Skipping external asset:                               downloader.py:65
         https://a.storyblok.com/f/337048/2500x2500/6c9f6434ea/                 
         hp.svg                                                                 
DEBUG    Skipping external asset:                               downloader.py:65
         https://static.cloudflareinsights.com/beacon.min.js/v4                 
         513226cdae34746b4dedf0b4dfa099e1781791509496                           
DEBUG    Skipping external asset:                               downloader.py:65
         https://a.storyblok.com/f/337048/x/b29a0119a7/vid_4-2_                 
         wide_prerender_1.mp4                                                   
DEBUG    Skipping external asset:                               downloader.py:65
         https://a.storyblok.com/f/337048/5112x3410/74c4e40128/                 
         quote-image.jpg/m/5120x0/filters:format(jpeg):quality(                 
         85)                                                                    
DEBUG    Skipping external asset:                               downloader.py:65
         https://a.storyblok.com/f/337048/x/85fd9d83d7/vid_4-1_                 
         wide_prerender_1.mp4                                                   
DEBUG    Downloaded font:                                      downloader.py:142
         https://terminal-industries.com/static/fonts/SuisseIn                  
         tl-Regular.woff2 (33852 bytes in 104ms)                                
DEBUG    Downloaded image:                                     downloader.py:142
         https://terminal-industries.com/static/images/gartner                  
         .svg (1861 bytes in 85ms)                                              
DEBUG    Downloaded css:                                       downloader.py:142
         https://terminal-industries.com/_nuxt/get-frames.BEFb                  
         NTY1.css (322 bytes in 83ms)                                           
DEBUG    Downloaded javascript:                                downloader.py:142
         https://terminal-industries.com/_nuxt/DMeKAwh2.js                      
         (179 bytes in 73ms)                                                    
DEBUG    Downloaded css:                                       downloader.py:142
         https://terminal-industries.com/_nuxt/NewsSection.CgF                  
         cU66P.css (7648 bytes in 132ms)                                        
DEBUG    Downloaded css:                                       downloader.py:142
         https://terminal-industries.com/_nuxt/_category_.C5W8                  
         x-DL.css (6035 bytes in 79ms)                                          
DEBUG    Downloaded javascript:                                downloader.py:142
         https://terminal-industries.com/_nuxt/FwJ25q8-.js                      
         (303 bytes in 72ms)                                                    
DEBUG    Downloaded javascript:                                downloader.py:142
         https://terminal-industries.com/_nuxt/CUY0HNq-.js                      
         (801 bytes in 71ms)                                                    
DEBUG    Downloaded javascript:                                downloader.py:142
         https://terminal-industries.com/_nuxt/B0zFOctL.js                      
         (228 bytes in 82ms)                                                    
DEBUG    Downloaded javascript:                                downloader.py:142
         https://terminal-industries.com/_nuxt/CduLDSTg.js                      
         (1370 bytes in 83ms)                                                   
DEBUG    Downloaded image:                                     downloader.py:142
         https://terminal-industries.com/static/apple-touch-ic                  
         on.png (2083 bytes in 97ms)                                            
DEBUG    Downloaded css:                                       downloader.py:142
         https://terminal-industries.com/_nuxt/FormField.CFAqQ                  
         bPc.css (33315 bytes in 81ms)                                          
DEBUG    Downloaded html: https://terminal-industries.com/     downloader.py:142
         (437340 bytes in 152ms)                                                
DEBUG    Downloaded css:                                       downloader.py:142
         https://terminal-industries.com/_nuxt/PaddedCounter.D                  
         _9jWspQ.css (810 bytes in 75ms)                                        
DEBUG    Downloaded font:                                      downloader.py:142
         https://terminal-industries.com/static/fonts/SuisseIn                  
         tl-Medium.woff2 (33980 bytes in 86ms)                                  
DEBUG    Downloaded javascript:                                downloader.py:142
         https://terminal-industries.com/_nuxt/H_oKuU70.js                      
         (20689 bytes in 114ms)                                                 
DEBUG    Downloaded javascript:                                downloader.py:142
         https://terminal-industries.com/_nuxt/pkyDfx59.js                      
         (639278 bytes in 164ms)                                                
DEBUG    Downloaded image:                                     downloader.py:142
         https://terminal-industries.com/static/favicon-96x96.                  
         png (889 bytes in 75ms)                                                
WARNING  Failed to download                                    downloader.py:152
         https://terminal-industries.com/static/favicon-512x51                  
         2.png: 404, message='Not Found',                                       
         url='https://terminal-industries.com/static/favicon-5                  
         12x512.png'                                                            
DEBUG    Downloaded other:                                     downloader.py:142
         https://terminal-industries.com/static/site.webmanife                  
         st (515 bytes in 167ms)                                                
DEBUG    Downloaded javascript:                                downloader.py:142
         https://terminal-industries.com/_nuxt/DKHnYWpP.js                      
         (575 bytes in 77ms)                                                    
DEBUG    Downloaded css:                                       downloader.py:142
         https://terminal-industries.com/_nuxt/ButtonTilt.DIUW                  
         IHI3.css (969 bytes in 77ms)                                           
DEBUG    Downloaded javascript:                                downloader.py:142
         https://terminal-industries.com/_nuxt/28oMATqc.js                      
         (8198 bytes in 76ms)                                                   
DEBUG    Downloaded javascript:                                downloader.py:142
         https://terminal-industries.com/_nuxt/DOj7q9Rs.js                      
         (224 bytes in 74ms)                                                    
DEBUG    Downloaded javascript:                                downloader.py:142
         https://terminal-industries.com/_nuxt/Dwzxyf6f.js                      
         (9077 bytes in 80ms)                                                   
DEBUG    Downloaded javascript:                                downloader.py:142
         https://terminal-industries.com/_nuxt/Cona62is.js                      
         (822 bytes in 123ms)                                                   
DEBUG    Downloaded javascript:                                downloader.py:142
         https://terminal-industries.com/_nuxt/5F7dlT1z.js                      
         (583 bytes in 71ms)                                                    
DEBUG    Downloaded javascript:                                downloader.py:142
         https://terminal-industries.com/_nuxt/B4VyOKh3.js                      
         (1660 bytes in 75ms)                                                   
WARNING  Failed to download                                    downloader.py:152
         https://terminal-industries.com/static/favicon-192x19                  
         2.png: 404, message='Not Found',                                       
         url='https://terminal-industries.com/static/favicon-1                  
         92x192.png'                                                            
DEBUG    Downloaded javascript:                                downloader.py:142
         https://terminal-industries.com/_nuxt/BWwUuxXU.js                      
         (1794 bytes in 83ms)                                                   
DEBUG    Downloaded css:                                       downloader.py:142
         https://terminal-industries.com/_nuxt/BlogCardSkeleto                  
         n.Bf5Xlpvs.css (1152 bytes in 71ms)                                    
DEBUG    Downloaded css:                                       downloader.py:142
         https://terminal-industries.com/_nuxt/Checkbox.DPiElu                  
         Ak.css (1177 bytes in 126ms)                                           
DEBUG    Downloaded css:                                       downloader.py:142
         https://terminal-industries.com/_nuxt/NotchSection.Cm                  
         aDBuu9.css (186 bytes in 71ms)                                         
DEBUG    Downloaded javascript:                                downloader.py:142
         https://terminal-industries.com/_nuxt/CLM_0iYi.js                      
         (7336 bytes in 77ms)                                                   
DEBUG    Downloaded image:                                     downloader.py:142
         https://terminal-industries.com/static/favicon.svg                     
         (1045 bytes in 79ms)                                                   
DEBUG    Downloaded javascript:                                downloader.py:142
         https://terminal-industries.com/_nuxt/X2p4JxOC.js                      
         (228 bytes in 79ms)                                                    
DEBUG    Downloaded javascript:                                downloader.py:142
         https://terminal-industries.com/_nuxt/CiXX0s5f.js                      
         (27962 bytes in 90ms)                                                  
DEBUG    Downloaded image:                                     downloader.py:142
         https://terminal-industries.com/static/favicon.ico                     
         (15086 bytes in 100ms)                                                 
DEBUG    Downloaded javascript:                                downloader.py:142
         https://terminal-industries.com/_nuxt/DO36NP1W.js                      
         (13198 bytes in 84ms)                                                  
DEBUG    Downloaded javascript:                                downloader.py:142
         https://terminal-industries.com/_nuxt/CfdxHKj-.js (55                  
         bytes in 72ms)                                                         
DEBUG    Downloaded javascript:                                downloader.py:142
         https://terminal-industries.com/_nuxt/DALLM0Vz.js                      
         (9263 bytes in 80ms)                                                   
DEBUG    Downloaded javascript:                                downloader.py:142
         https://terminal-industries.com/_nuxt/BqycMpnQ.js                      
         (232958 bytes in 96ms)                                                 
DEBUG    Downloaded javascript:                                downloader.py:142
         https://terminal-industries.com/_nuxt/8puyAxA5.js                      
         (378 bytes in 72ms)                                                    
DEBUG    Downloaded javascript:                                downloader.py:142
         https://terminal-industries.com/_nuxt/Cx2Tu0EX.js                      
         (2446 bytes in 106ms)                                                  
DEBUG    Downloaded javascript:                                downloader.py:142
         https://terminal-industries.com/_nuxt/hhH9hWgg.js                      
         (544 bytes in 78ms)                                                    
DEBUG    Downloaded image:                                     downloader.py:142
         https://terminal-industries.com/static/images/linkedi                  
         n.svg (1591 bytes in 73ms)                                             
DEBUG    Downloaded css:                                       downloader.py:142
         https://terminal-industries.com/_nuxt/SiteFooter.CJ3p                  
         PAtB.css (7515 bytes in 75ms)                                          
DEBUG    Downloaded javascript:                                downloader.py:142
         https://terminal-industries.com/_nuxt/wemrWOFN.js                      
         (4475 bytes in 78ms)                                                   
DEBUG    Downloaded css:                                       downloader.py:142
         https://terminal-industries.com/_nuxt/BackgroundCanva                  
         s.BfIfKjEO.css (564 bytes in 72ms)                                     
DEBUG    Downloaded javascript:                                downloader.py:142
         https://terminal-industries.com/_nuxt/B-91hYi4.js                      
         (6015 bytes in 133ms)                                                  
DEBUG    Downloaded javascript:                                downloader.py:142
         https://terminal-industries.com/_nuxt/Df_tcbD4.js                      
         (807 bytes in 83ms)                                                    
DEBUG    Downloaded javascript:                                downloader.py:142
         https://terminal-industries.com/_nuxt/CP0-XgZv.js                      
         (5837 bytes in 84ms)                                                   
DEBUG    Downloaded css:                                       downloader.py:142
         https://terminal-industries.com/_nuxt/entry.Bdya6FOo.                  
         css (57384 bytes in 85ms)                                              
DEBUG    Downloaded javascript:                                downloader.py:142
         https://terminal-industries.com/_nuxt/DmiOhrkw.js                      
         (513 bytes in 74ms)                                                    
DEBUG    Downloaded javascript:                                downloader.py:142
         https://terminal-industries.com/_nuxt/adXKK9OV.js                      
         (14122 bytes in 75ms)                                                  
DEBUG    Downloaded javascript:                                downloader.py:142
         https://terminal-industries.com/_nuxt/h2v69gxw.js                      
         (7021 bytes in 109ms)                                                  
DEBUG    Downloaded image:                                     downloader.py:142
         https://terminal-industries.com/static/images/youtube                  
         .svg (427 bytes in 72ms)                                               
DEBUG    Downloaded javascript:                                downloader.py:142
         https://terminal-industries.com/_nuxt/DEjqwwoS.js                      
         (6284 bytes in 79ms)                                                   
DEBUG    Downloaded javascript:                                downloader.py:142
         https://terminal-industries.com/_nuxt/COBs_8g0.js                      
         (2649 bytes in 76ms)                                                   
DEBUG    Downloaded javascript:                                downloader.py:142
         https://terminal-industries.com/_nuxt/R57nDROe.js                      
         (897 bytes in 76ms)                                                    
DEBUG    Downloaded javascript:                                downloader.py:142
         https://terminal-industries.com/_nuxt/9hEwTI0T.js                      
         (1680 bytes in 76ms)                                                   
DEBUG    Downloaded javascript:                                downloader.py:142
         https://terminal-industries.com/_nuxt/T-Q6Xcj-.js                      
         (8818 bytes in 133ms)                                                  
DEBUG    Downloaded javascript:                                downloader.py:142
         https://terminal-industries.com/_nuxt/DI2gMqD0.js                      
         (1203 bytes in 83ms)                                                   
DEBUG    Downloaded css:                                       downloader.py:142
         https://terminal-industries.com/_nuxt/PathBackground.                  
         CYgSVosN.css (1075 bytes in 83ms)                                      
DEBUG    Downloaded javascript:                                downloader.py:142
         https://terminal-industries.com/_nuxt/C196f_Xe.js                      
         (850 bytes in 77ms)                                                    
DEBUG    Downloaded other:                                     downloader.py:142
         https://terminal-industries.com/_nuxt/builds/meta/d92                  
         2195a-b1f2-4332-8e05-b6077c4e1b09.json (453 bytes in                   
         109ms)                                                                 
DEBUG    Downloaded image:                                     downloader.py:142
         https://terminal-industries.com/static/images/x.svg                    
         (316 bytes in 185ms)                                                   
DEBUG    Downloaded javascript:                                downloader.py:142
         https://terminal-industries.com/_nuxt/B-vsqtnV.js                      
         (3496 bytes in 80ms)                                                   
DEBUG    Downloaded javascript:                                downloader.py:142
         https://terminal-industries.com/_nuxt/Dhmo35t-.js                      
         (1111 bytes in 87ms)                                                   
DEBUG    Downloaded javascript:                                downloader.py:142
         https://terminal-industries.com/_nuxt/Bd8kQM9X.js                      
         (9053 bytes in 79ms)                                                   
DEBUG    Downloaded css:                                       downloader.py:142
         https://terminal-industries.com/_nuxt/index.CWHlnDAF.                  
         css (377 bytes in 78ms)                                                
DEBUG    Downloaded javascript:                                downloader.py:142
         https://terminal-industries.com/_nuxt/DXh6H-ZP.js                      
         (382 bytes in 150ms)                                                   
DEBUG    Downloaded javascript:                                downloader.py:142
         https://terminal-industries.com/_nuxt/CtFdYwsr.js                      
         (2373 bytes in 75ms)                                                   
DEBUG    Downloaded javascript:                                downloader.py:142
         https://terminal-industries.com/_nuxt/CJuKYfQ2.js                      
         (1623 bytes in 80ms)                                                   
DEBUG    Downloaded javascript:                                downloader.py:142
         https://terminal-industries.com/_nuxt/Beqwa4O-.js                      
         (14114 bytes in 78ms)                                                  
DEBUG    Downloaded javascript:                                downloader.py:142
         https://terminal-industries.com/_nuxt/D879Ww3y.js                      
         (1057 bytes in 74ms)                                                   
INFO     [1/1] Crawled: https://terminal-industries.com/          crawler.py:376
         (13110ms, 0 links, 74 assets)                                          
INFO     Crawl complete: 1 pages, 74 assets, 23.12s               crawler.py:286
  Crawling... ━━━━━━━━━━━━━━━━━━━━━━━━━━━━━━━━━━━━━━━━ 100% • Complete! 0:00:00


📊 Crawl Results

┌───────────────────┬──────────────────────────────────┐
│ Start URL         │ https://terminal-industries.com/ │
│ Pages Crawled     │ 1                                │
│ Assets Downloaded │ 74                               │
│ Total Size        │ 1.64 MB                          │
│ Duration          │ 23.12s                           │
│ Errors            │ 0                                │
│ Completed         │ 2026-07-03 03:57:58              │
└───────────────────┴──────────────────────────────────┘

📦 Downloaded Resources

┏━━━━━━━━━━━━┳━━━━━━━┓
┃ Type       ┃ Count ┃
┡━━━━━━━━━━━━╇━━━━━━━┩
│ CSS        │    14 │
│ FONT       │     2 │
│ HTML       │     1 │
│ IMAGE      │     8 │
│ JAVASCRIPT │    47 │
│ OTHER      │     2 │
└────────────┴───────┘

📄 Full report saved to: 
/Users/kssaiteja/Downloads/skills-mcps/terminal-industries-clone/rendered-homepa
ge/reports/crawl_result.json

✨ Clone complete! Output saved to: 
/Users/kssaiteja/Downloads/skills-mcps/terminal-industries-clone/rendered-homepa
ge
